SF:/home/codespace/workspace/Eden/ContentReactor/MyEdenService/Service/Functions.cs
FN:87,ContentReactor.Common.UserAuthentication.IUserAuthenticationService ContentReactor.MyEdenService.Service.Functions::get_UserAuthenticationService()
FNDA:31,ContentReactor.Common.UserAuthentication.IUserAuthenticationService ContentReactor.MyEdenService.Service.Functions::get_UserAuthenticationService()
DA:88,31
FN:93,ContentReactor.Common.Blobs.IBlobRepository ContentReactor.MyEdenService.Service.Functions::get_BlobRepository()
FNDA:32,ContentReactor.Common.Blobs.IBlobRepository ContentReactor.MyEdenService.Service.Functions::get_BlobRepository()
DA:94,32
FN:99,ContentReactor.Common.Events.IEventGridPublisherService ContentReactor.MyEdenService.Service.Functions::get_EventGridPublisherService()
FNDA:9,ContentReactor.Common.Events.IEventGridPublisherService ContentReactor.MyEdenService.Service.Functions::get_EventGridPublisherService()
DA:100,9
FN:105,ContentReactor.Common.Events.IEventGridSubscriberService ContentReactor.MyEdenService.Service.Functions::get_EventGridSubscriberService()
FNDA:11,ContentReactor.Common.Events.IEventGridSubscriberService ContentReactor.MyEdenService.Service.Functions::get_EventGridSubscriberService()
DA:106,11
FN:111,ContentReactor.MyEdenService.Service.IMyEdenServiceTranscriptionService ContentReactor.MyEdenService.Service.Functions::get_MyEdenServiceTranscriptionService()
FNDA:3,ContentReactor.MyEdenService.Service.IMyEdenServiceTranscriptionService ContentReactor.MyEdenService.Service.Functions::get_MyEdenServiceTranscriptionService()
DA:112,3
FN:52,System.Void ContentReactor.MyEdenService.Service.Functions::.ctor(ContentReactor.Common.UserAuthentication.IUserAuthenticationService,ContentReactor.Common.Blobs.IBlobRepository)
FNDA:3,System.Void ContentReactor.MyEdenService.Service.Functions::.ctor(ContentReactor.Common.UserAuthentication.IUserAuthenticationService,ContentReactor.Common.Blobs.IBlobRepository)
DA:53,3
DA:54,3
DA:55,3
DA:56,3
DA:57,3
DA:58,3
DA:59,3
FN:69,System.Void ContentReactor.MyEdenService.Service.Functions::.ctor(ContentReactor.Common.UserAuthentication.IUserAuthenticationService,ContentReactor.Common.Blobs.IBlobRepository,ContentReactor.Common.Events.IEventGridSubscriberService,ContentReactor.Common.Events.IEventGridPublisherService,ContentReactor.MyEdenService.Service.IMyEdenServiceTranscriptionService)
FNDA:35,System.Void ContentReactor.MyEdenService.Service.Functions::.ctor(ContentReactor.Common.UserAuthentication.IUserAuthenticationService,ContentReactor.Common.Blobs.IBlobRepository,ContentReactor.Common.Events.IEventGridSubscriberService,ContentReactor.Common.Events.IEventGridPublisherService,ContentReactor.MyEdenService.Service.IMyEdenServiceTranscriptionService)
DA:70,35
DA:71,35
DA:72,35
DA:73,35
DA:74,35
DA:75,35
DA:76,35
DA:77,35
DA:78,35
DA:79,35
DA:80,35
DA:81,35
DA:82,35
LF:25
LH:25
BRF:0
BRH:0
FNF:7
FNH:7
end_of_record
SF:/home/codespace/workspace/Eden/ContentReactor/MyEdenService/Service/AddBegin/AddBeginFunction.cs
FN:27,System.Void ContentReactor.MyEdenService.Service.Functions/<AddBegin>d__0::MoveNext()
FNDA:3,System.Void ContentReactor.MyEdenService.Service.Functions/<AddBegin>d__0::MoveNext()
DA:28,3
DA:31,3
DA:33,3
DA:34,1
DA:35,1
DA:39,1
DA:42,1
DA:43,1
DA:44,1
DA:45,1
DA:46,1
DA:47,1
DA:48,1
DA:50,1
DA:51,1
DA:52,1
DA:53,1
DA:55,2
BRDA:33,187,0,1
BRDA:33,187,1,1
LF:18
LH:18
BRF:2
BRH:2
FNF:1
FNH:1
end_of_record
SF:/home/codespace/workspace/Eden/ContentReactor/MyEdenService/Service/AddComplete/AddCompleteFunction.cs
FN:34,System.Void ContentReactor.MyEdenService.Service.Functions/<AddComplete>d__1::MoveNext()
FNDA:11,System.Void ContentReactor.MyEdenService.Service.Functions/<AddComplete>d__1::MoveNext()
DA:35,11
DA:38,11
DA:40,11
DA:41,1
DA:42,1
DA:46,9
DA:47,9
DA:50,9
DA:51,9
DA:52,8
DA:53,1
DA:54,1
DA:55,1
DA:59,8
DA:60,2
DA:61,2
DA:64,6
DA:65,6
DA:66,2
DA:68,2
DA:72,4
DA:73,1
DA:74,1
DA:78,3
DA:79,3
DA:80,3
DA:83,3
DA:84,3
DA:85,3
DA:86,3
DA:87,3
DA:89,3
DA:91,1
DA:92,1
DA:93,1
DA:94,1
DA:96,10
BRDA:35,26,0,11
BRDA:40,189,0,1
BRDA:40,189,1,9
BRDA:35,26,1,9
BRDA:46,230,0,9
BRDA:46,230,1,0
BRDA:59,459,0,7
BRDA:59,459,1,1
BRDA:59,484,0,2
BRDA:59,484,1,6
BRDA:46,230,2,0
BRDA:65,692,0,2
BRDA:65,692,1,4
BRDA:72,741,0,1
BRDA:72,741,1,3
BRDA:46,230,3,0
BRDA:46,230,4,0
LF:37
LH:37
BRF:17
BRH:13
FNF:1
FNH:1
end_of_record
SF:/home/codespace/workspace/Eden/ContentReactor/MyEdenService/Service/Delete/DeleteFunction.cs
FN:28,System.Void ContentReactor.MyEdenService.Service.Functions/<Delete>d__2::MoveNext()
FNDA:6,System.Void ContentReactor.MyEdenService.Service.Functions/<Delete>d__2::MoveNext()
DA:29,6
DA:32,6
DA:34,6
DA:35,1
DA:36,1
DA:40,4
DA:43,4
DA:44,4
DA:45,4
DA:47,1
DA:48,1
DA:49,1
DA:50,1
DA:52,5
BRDA:34,201,0,1
BRDA:34,201,1,4
LF:14
LH:14
BRF:2
BRH:2
FNF:1
FNH:1
end_of_record
SF:/home/codespace/workspace/Eden/ContentReactor/MyEdenService/Service/Get/GetFunction.cs
FN:27,System.Void ContentReactor.MyEdenService.Service.Functions/<Get>d__27::MoveNext()
FNDA:6,System.Void ContentReactor.MyEdenService.Service.Functions/<Get>d__27::MoveNext()
DA:28,6
DA:31,6
DA:33,6
DA:34,1
DA:35,1
DA:38,4
DA:39,4
DA:40,2
DA:41,2
DA:44,2
DA:46,2
DA:47,2
DA:48,2
DA:49,2
DA:50,2
DA:51,2
DA:52,2
DA:54,1
DA:55,1
DA:56,1
DA:57,1
DA:59,5
BRDA:33,187,0,1
BRDA:33,187,1,4
BRDA:39,386,0,2
BRDA:39,386,1,2
BRDA:46,482,0,1
BRDA:46,482,1,1
LF:22
LH:22
BRF:6
BRH:6
FNF:1
FNH:1
end_of_record
SF:/home/codespace/workspace/Eden/ContentReactor/MyEdenService/Service/GetList/GetListFunction.cs
FN:43,ContentReactor.MyEdenService.Service.GetListItem ContentReactor.MyEdenService.Service.Functions/<>c::<GetList>b__28_0(ContentReactor.Common.Blobs.Blob)
FNDA:5,ContentReactor.MyEdenService.Service.GetListItem ContentReactor.MyEdenService.Service.Functions/<>c::<GetList>b__28_0(ContentReactor.Common.Blobs.Blob)
DA:44,5
DA:45,5
DA:46,5
DA:47,5
DA:48,5
BRDA:44,45,0,2
BRDA:44,45,1,1
FN:31,System.Void ContentReactor.MyEdenService.Service.Functions/<GetList>d__28::MoveNext()
FNDA:2,System.Void ContentReactor.MyEdenService.Service.Functions/<GetList>d__28::MoveNext()
DA:32,2
DA:34,2
DA:36,2
DA:37,0
DA:38,0
DA:42,2
DA:43,2
DA:49,2
DA:51,2
DA:52,2
DA:54,2
DA:56,0
DA:57,0
DA:58,0
DA:59,0
DA:61,2
BRDA:36,187,0,0
BRDA:36,187,1,2
LF:21
LH:15
BRF:4
BRH:3
FNF:2
FNH:2
end_of_record
SF:/home/codespace/workspace/Eden/ContentReactor/MyEdenService/Service/HealthCheck/HealthCheckFunction.cs
FN:31,System.Void ContentReactor.MyEdenService.Service.Functions/<HealthCheck>d__29::MoveNext()
FNDA:3,System.Void ContentReactor.MyEdenService.Service.Functions/<HealthCheck>d__29::MoveNext()
DA:32,3
DA:35,3
DA:37,3
DA:38,1
DA:39,1
DA:42,1
DA:43,1
DA:44,1
DA:45,1
DA:46,1
DA:48,1
DA:50,1
DA:51,1
DA:52,1
DA:53,1
DA:55,2
BRDA:37,175,0,1
BRDA:37,175,1,1
LF:16
LH:16
BRF:2
BRH:2
FNF:1
FNH:1
end_of_record
SF:/home/codespace/workspace/Eden/ContentReactor/MyEdenService/Service/UpdateTranscript/UpdateTranscriptFunction.cs
FN:40,System.Void ContentReactor.MyEdenService.Service.Functions/<UpdateTranscript>d__31::MoveNext()
FNDA:7,System.Void ContentReactor.MyEdenService.Service.Functions/<UpdateTranscript>d__31::MoveNext()
DA:41,7
DA:43,7
DA:45,7
DA:46,7
DA:47,7
DA:48,7
DA:50,7
DA:52,7
DA:54,7
DA:57,6
DA:58,6
DA:59,1
DA:60,1
DA:61,1
DA:64,5
DA:65,5
DA:69,5
DA:70,5
DA:71,5
DA:72,5
DA:73,2
DA:74,2
DA:78,3
DA:79,3
DA:80,3
DA:81,3
DA:82,3
DA:85,3
DA:87,3
DA:88,1
DA:89,1
DA:93,2
DA:94,2
DA:97,2
DA:100,2
DA:101,2
DA:102,2
DA:103,2
DA:105,2
DA:107,1
DA:108,1
DA:109,1
DA:110,1
DA:112,6
BRDA:45,44,0,7
BRDA:45,44,1,7
BRDA:50,99,0,7
BRDA:58,203,0,1
BRDA:58,203,1,5
BRDA:72,474,0,2
BRDA:72,474,1,3
BRDA:50,99,1,6
BRDA:78,503,0,3
BRDA:78,503,1,3
BRDA:78,503,2,0
BRDA:87,843,0,1
BRDA:87,843,1,2
BRDA:78,503,3,0
BRDA:78,503,4,0
LF:44
LH:44
BRF:15
BRH:12
FNF:1
FNH:1
end_of_record
SF:/home/codespace/workspace/Eden/ContentReactor/MyEdenService/Service/AddBegin/AddBeginResponse.cs
FN:15,System.String ContentReactor.MyEdenService.Service.AddBeginResponse::get_Id()
FNDA:3,System.String ContentReactor.MyEdenService.Service.AddBeginResponse::get_Id()
DA:16,3
FN:22,System.Uri ContentReactor.MyEdenService.Service.AddBeginResponse::get_UploadUrl()
FNDA:3,System.Uri ContentReactor.MyEdenService.Service.AddBeginResponse::get_UploadUrl()
DA:23,3
LF:2
LH:2
BRF:0
BRH:0
FNF:2
FNH:2
end_of_record
SF:/home/codespace/workspace/Eden/ContentReactor/MyEdenService/Service/AddComplete/AddCompleteRequest.cs
FN:16,System.String ContentReactor.MyEdenService.Service.AddCompleteRequest::get_CategoryId()
FNDA:43,System.String ContentReactor.MyEdenService.Service.AddCompleteRequest::get_CategoryId()
DA:17,43
LF:1
LH:1
BRF:0
BRH:0
FNF:1
FNH:1
end_of_record
SF:/home/codespace/workspace/Eden/ContentReactor/MyEdenService/Service/Get/GetResponse.cs
FN:14,System.String ContentReactor.MyEdenService.Service.GetResponse::get_Id()
FNDA:6,System.String ContentReactor.MyEdenService.Service.GetResponse::get_Id()
DA:15,6
FN:20,System.Uri ContentReactor.MyEdenService.Service.GetResponse::get_MyEdenServiceUrl()
FNDA:4,System.Uri ContentReactor.MyEdenService.Service.GetResponse::get_MyEdenServiceUrl()
DA:21,4
FN:26,System.String ContentReactor.MyEdenService.Service.GetResponse::get_Transcript()
FNDA:4,System.String ContentReactor.MyEdenService.Service.GetResponse::get_Transcript()
DA:27,4
LF:3
LH:3
BRF:0
BRH:0
FNF:3
FNH:3
end_of_record
SF:/home/codespace/workspace/Eden/ContentReactor/MyEdenService/Service/GetList/GetListItem.cs
FN:13,System.String ContentReactor.MyEdenService.Service.GetListItem::get_Id()
FNDA:4,System.String ContentReactor.MyEdenService.Service.GetListItem::get_Id()
DA:14,4
FN:19,System.String ContentReactor.MyEdenService.Service.GetListItem::get_Preview()
FNDA:4,System.String ContentReactor.MyEdenService.Service.GetListItem::get_Preview()
DA:20,4
LF:2
LH:2
BRF:0
BRH:0
FNF:2
FNH:2
end_of_record
SF:/home/codespace/workspace/Eden/ContentReactor/MyEdenService/Service/UpdateTranscript/MyEdenServiceTranscriptionService.cs
FN:42,System.Net.HttpWebRequest ContentReactor.MyEdenService.Service.MyEdenServiceTranscriptionService::CreateMyEdenServiceTranscriptRequest(System.IO.Stream)
FNDA:1,System.Net.HttpWebRequest ContentReactor.MyEdenService.Service.MyEdenServiceTranscriptionService::CreateMyEdenServiceTranscriptRequest(System.IO.Stream)
DA:43,1
DA:44,1
DA:45,0
DA:46,0
DA:49,1
DA:50,1
DA:51,1
DA:52,1
DA:53,1
DA:54,1
DA:55,1
DA:56,1
DA:58,1
DA:59,1
DA:60,1
DA:61,1
DA:64,1
DA:65,1
DA:67,1
DA:69,1
DA:70,0
DA:71,0
DA:72,0
DA:74,1
DA:75,1
DA:77,1
DA:78,1
BRDA:44,7,0,0
BRDA:44,7,1,1
BRDA:58,130,0,1
BRDA:58,130,1,1
BRDA:69,217,1,0
BRDA:69,217,0,1
FN:85,System.String ContentReactor.MyEdenService.Service.MyEdenServiceTranscriptionService::ProcessMyEdenServiceTranscriptResponse(System.String)
FNDA:1,System.String ContentReactor.MyEdenService.Service.MyEdenServiceTranscriptionService::ProcessMyEdenServiceTranscriptResponse(System.String)
DA:86,1
DA:87,1
DA:88,1
DA:89,0
DA:90,0
DA:93,1
DA:94,1
DA:95,1
DA:96,1
BRDA:88,13,1,1
BRDA:88,13,0,1
BRDA:88,81,1,1
BRDA:88,81,0,1
BRDA:88,159,1,1
BRDA:88,159,0,1
BRDA:88,248,0,0
BRDA:88,248,1,1
BRDA:93,268,1,1
BRDA:93,268,0,1
BRDA:94,346,1,1
BRDA:94,346,0,1
BRDA:95,424,1,1
BRDA:95,424,0,1
BRDA:95,484,1,1
BRDA:95,484,0,1
FN:14,System.Void ContentReactor.MyEdenService.Service.MyEdenServiceTranscriptionService::.cctor()
FNDA:1,System.Void ContentReactor.MyEdenService.Service.MyEdenServiceTranscriptionService::.cctor()
DA:15,1
DA:16,1
FN:24,System.Void ContentReactor.MyEdenService.Service.MyEdenServiceTranscriptionService/<GetMyEdenServiceTranscriptFromCognitiveServicesAsync>d__2::MoveNext()
FNDA:0,System.Void ContentReactor.MyEdenService.Service.MyEdenServiceTranscriptionService/<GetMyEdenServiceTranscriptFromCognitiveServicesAsync>d__2::MoveNext()
DA:25,0
DA:26,0
DA:28,0
DA:29,0
DA:30,0
DA:31,0
DA:33,0
DA:34,0
LF:46
LH:31
BRF:22
BRH:19
FNF:4
FNH:3
end_of_record